android/app/build/intermediates/manifest_merge_blame_file/debug/manifest-merger-blame-debug-report.txt
1<?xml version="1.0" encoding="utf-8"?>
2<manifest xmlns:android="http://schemas.android.com/apk/res/android"
3    package="io.ionic.starter"
4    android:versionCode="1"
5    android:versionName="1.0" >
6
7    <uses-sdk
8        android:minSdkVersion="21"
8-->src/main/AndroidManifest.xml
9        android:targetSdkVersion="30" />
9-->src/main/AndroidManifest.xml
10
11    <!-- Permissions -->
12
13    <uses-permission android:name="android.permission.INTERNET" />
13-->src/main/AndroidManifest.xml:40:5-67
13-->src/main/AndroidManifest.xml:40:22-64
14    <uses-permission android:name="android.permission.VIBRATE" />
14-->[:capacitor-haptics] AndroidManifest.xml:9:5-66
14-->[:capacitor-haptics] AndroidManifest.xml:9:22-63
15    <uses-permission android:name="android.permission.WRITE_EXTERNAL_STORAGE" />
15-->[:capacitor-cordova-android-plugins] AndroidManifest.xml:10:5-81
15-->[:capacitor-cordova-android-plugins] AndroidManifest.xml:10:22-78
16
17    <application
17-->src/main/AndroidManifest.xml:5:5-36:19
18        android:allowBackup="true"
18-->src/main/AndroidManifest.xml:6:9-35
19        android:appComponentFactory="androidx.core.app.CoreComponentFactory"
19-->[androidx.core:core:1.3.2] AndroidManifest.xml:24:18-86
20        android:debuggable="true"
21        android:icon="@mipmap/ic_launcher"
21-->src/main/AndroidManifest.xml:7:9-43
22        android:label="@string/app_name"
22-->src/main/AndroidManifest.xml:8:9-41
23        android:roundIcon="@mipmap/ic_launcher_round"
23-->src/main/AndroidManifest.xml:9:9-54
24        android:supportsRtl="true"
24-->src/main/AndroidManifest.xml:10:9-35
25        android:testOnly="true"
26        android:theme="@style/AppTheme" >
26-->src/main/AndroidManifest.xml:11:9-40
27        <activity
27-->src/main/AndroidManifest.xml:13:9-25:20
28            android:name="io.ionic.starter.MainActivity"
28-->src/main/AndroidManifest.xml:15:13-57
29            android:configChanges="orientation|keyboardHidden|keyboard|screenSize|locale|smallestScreenSize|screenLayout|uiMode"
29-->src/main/AndroidManifest.xml:14:13-129
30            android:label="@string/title_activity_main"
30-->src/main/AndroidManifest.xml:16:13-56
31            android:launchMode="singleTask"
31-->src/main/AndroidManifest.xml:18:13-44
32            android:theme="@style/AppTheme.NoActionBarLaunch" >
32-->src/main/AndroidManifest.xml:17:13-62
33            <intent-filter>
33-->src/main/AndroidManifest.xml:20:13-23:29
34                <action android:name="android.intent.action.MAIN" />
34-->src/main/AndroidManifest.xml:21:17-69
34-->src/main/AndroidManifest.xml:21:25-66
35
36                <category android:name="android.intent.category.LAUNCHER" />
36-->src/main/AndroidManifest.xml:22:17-77
36-->src/main/AndroidManifest.xml:22:27-74
37            </intent-filter>
38        </activity>
39
40        <provider
41            android:name="androidx.core.content.FileProvider"
41-->src/main/AndroidManifest.xml:28:13-62
42            android:authorities="io.ionic.starter.fileprovider"
42-->src/main/AndroidManifest.xml:29:13-64
43            android:exported="false"
43-->src/main/AndroidManifest.xml:30:13-37
44            android:grantUriPermissions="true" >
44-->src/main/AndroidManifest.xml:31:13-47
45            <meta-data
45-->src/main/AndroidManifest.xml:32:13-34:64
46                android:name="android.support.FILE_PROVIDER_PATHS"
46-->src/main/AndroidManifest.xml:33:17-67
47                android:resource="@xml/file_paths" />
47-->src/main/AndroidManifest.xml:34:17-51
48        </provider>
49
50        <activity android:name="com.soundcloud.android.crop.CropImageActivity" />
50-->[:capacitor-cordova-android-plugins] AndroidManifest.xml:13:9-82
50-->[:capacitor-cordova-android-plugins] AndroidManifest.xml:13:19-79
51    </application>
52
53</manifest>